[debug] [2022-11-17T10:02:03.359Z] ----------------------------------------------------------------------
[debug] [2022-11-17T10:02:03.360Z] Command:       C:\Program Files\nodejs\node.exe C:\Users\Admin\AppData\Roaming\npm\node_modules\firebase-tools\lib\bin\firebase.js init
[debug] [2022-11-17T10:02:03.361Z] CLI Version:   11.16.1
[debug] [2022-11-17T10:02:03.361Z] Platform:      win32
[debug] [2022-11-17T10:02:03.361Z] Node Version:  v16.15.1
[debug] [2022-11-17T10:02:03.362Z] Time:          Thu Nov 17 2022 13:02:03 GMT+0300 (Москва, стандартное время)
[debug] [2022-11-17T10:02:03.362Z] ----------------------------------------------------------------------
[debug] 
[debug] [2022-11-17T10:02:03.364Z] >>> [apiv2][query] GET https://firebase-public.firebaseio.com/cli.json [none]
[debug] [2022-11-17T10:02:03.380Z] > command requires scopes: ["email","openid","https://www.googleapis.com/auth/cloudplatformprojects.readonly","https://www.googleapis.com/auth/firebase","https://www.googleapis.com/auth/cloud-platform"]
[debug] [2022-11-17T10:02:03.380Z] > authorizing via signed-in user (alexnaf199@gmail.com)
[info] 
     ######## #### ########  ######## ########     ###     ######  ########
     ##        ##  ##     ## ##       ##     ##  ##   ##  ##       ##
     ######    ##  ########  ######   ########  #########  ######  ######
     ##        ##  ##    ##  ##       ##     ## ##     ##       ## ##
     ##       #### ##     ## ######## ########  ##     ##  ######  ########

You're about to initialize a Firebase project in this directory:

  C:\Users\Admin\WebstormProjects\womapup

[debug] [2022-11-17T10:02:03.727Z] <<< [apiv2][status] GET https://firebase-public.firebaseio.com/cli.json 200
[debug] [2022-11-17T10:02:03.727Z] <<< [apiv2][body] GET https://firebase-public.firebaseio.com/cli.json {"cloudBuildErrorAfter":1594252800000,"cloudBuildWarnAfter":1590019200000,"defaultNode10After":1594252800000,"minVersion":"3.0.5","node8DeploysDisabledAfter":1613390400000,"node8RuntimeDisabledAfter":1615809600000,"node8WarnAfter":1600128000000}
